<?xml version="1.0" encoding="UTF-8"?>
<testng-results ignored="0" total="1" passed="1" failed="0" skipped="0">
  <reporter-output>
  </reporter-output>
  <suite started-at="2020-05-24T08:41:46Z" name="Default suite" finished-at="2020-05-24T08:41:55Z" duration-ms="8984">
    <groups>
      <group name="cucumber">
        <method signature="AbstractTestNGCucumberTests.runScenario(io.cucumber.testng.PickleWrapper, io.cucumber.testng.FeatureWrapper)[pri:0, instance:runnerPack.TestSuiteRunner@1205bd62]" name="runScenario" class="io.cucumber.testng.AbstractTestNGCucumberTests"/>
      </group> <!-- cucumber -->
    </groups>
    <test started-at="2020-05-24T08:41:46Z" name="Default test" finished-at="2020-05-24T08:41:55Z" duration-ms="8984">
      <class name="runnerPack.TestSuiteRunner">
        <test-method is-config="true" signature="setUpClass()[pri:0, instance:runnerPack.TestSuiteRunner@1205bd62]" started-at="2020-05-24T08:41:46Z" name="setUpClass" finished-at="2020-05-24T08:41:46Z" duration-ms="247" status="PASS">
          <reporter-output>
          </reporter-output>
        </test-method> <!-- setUpClass -->
        <test-method signature="runScenario(io.cucumber.testng.PickleWrapper, io.cucumber.testng.FeatureWrapper)[pri:0, instance:runnerPack.TestSuiteRunner@1205bd62]" started-at="2020-05-24T08:41:46Z" name="runScenario" description="Runs Cucumber Scenarios" data-provider="scenarios" finished-at="2020-05-24T08:41:55Z" duration-ms="8645" status="PASS">
          <params>
            <param index="0">
              <value>
                <![CDATA["Example for cucumber datatable in feature"]]>
              </value>
            </param>
            <param index="1">
              <value>
                <![CDATA["web application testing using selenium cucumber-Test datatable on cucumber"]]>
              </value>
            </param>
          </params>
          <reporter-output>
          </reporter-output>
        </test-method> <!-- runScenario -->
        <test-method is-config="true" signature="tearDownClass()[pri:0, instance:runnerPack.TestSuiteRunner@1205bd62]" started-at="2020-05-24T08:41:55Z" name="tearDownClass" finished-at="2020-05-24T08:41:55Z" duration-ms="73" status="PASS">
          <reporter-output>
          </reporter-output>
        </test-method> <!-- tearDownClass -->
      </class> <!-- runnerPack.TestSuiteRunner -->
    </test> <!-- Default test -->
  </suite> <!-- Default suite -->
</testng-results>
